  cards.c
  sdlfonts.c
c:\cygwin64\home\william\videopoker\sdlfonts.c(50): warning C4244: '=': conversion from 'double' to 'float', possible loss of data
c:\cygwin64\home\william\videopoker\sdlfonts.c(51): warning C4244: '=': conversion from 'double' to 'float', possible loss of data
c:\cygwin64\home\william\videopoker\sdlfonts.c(55): warning C4244: '=': conversion from 'int' to 'float', possible loss of data
c:\cygwin64\home\william\videopoker\sdlfonts.c(60): warning C4244: '=': conversion from 'float' to 'int', possible loss of data
c:\cygwin64\home\william\videopoker\sdlfonts.c(61): warning C4244: '=': conversion from 'float' to 'int', possible loss of data
c:\cygwin64\home\william\videopoker\sdlfonts.c(62): warning C4244: '=': conversion from 'double' to 'int', possible loss of data
c:\cygwin64\home\william\videopoker\sdlfonts.c(66): warning C4244: '=': conversion from 'float' to 'int', possible loss of data
c:\cygwin64\home\william\videopoker\sdlfonts.c(67): warning C4244: '=': conversion from 'float' to 'int', possible loss of data
c:\cygwin64\home\william\videopoker\sdlfonts.c(68): warning C4244: '=': conversion from 'float' to 'int', possible loss of data
c:\cygwin64\home\william\videopoker\sdlfonts.c(69): warning C4244: '=': conversion from 'float' to 'int', possible loss of data
c:\cygwin64\home\william\videopoker\sdlfonts.c(70): warning C4244: '=': conversion from 'float' to 'int', possible loss of data
c:\cygwin64\home\william\videopoker\sdlfonts.c(41): warning C4244: 'initializing': conversion from 'int' to 'float', possible loss of data
c:\cygwin64\home\william\videopoker\sdlfonts.c(42): warning C4244: 'initializing': conversion from 'int' to 'float', possible loss of data
c:\cygwin64\home\william\videopoker\sdlfonts.c(133): warning C4244: '=': conversion from 'double' to 'float', possible loss of data
c:\cygwin64\home\william\videopoker\sdlfonts.c(134): warning C4244: '=': conversion from 'double' to 'float', possible loss of data
c:\cygwin64\home\william\videopoker\sdlfonts.c(136): warning C4244: '=': conversion from 'float' to 'int', possible loss of data
c:\cygwin64\home\william\videopoker\sdlfonts.c(137): warning C4244: '=': conversion from 'float' to 'int', possible loss of data
c:\cygwin64\home\william\videopoker\sdlfonts.c(139): warning C4244: '=': conversion from 'double' to 'int', possible loss of data
c:\cygwin64\home\william\videopoker\sdlfonts.c(140): warning C4244: '=': conversion from 'float' to 'int', possible loss of data
c:\cygwin64\home\william\videopoker\sdlfonts.c(126): warning C4244: 'initializing': conversion from 'int' to 'float', possible loss of data
c:\cygwin64\home\william\videopoker\sdlfonts.c(127): warning C4244: 'initializing': conversion from 'int' to 'float', possible loss of data
c:\cygwin64\home\william\videopoker\sdlfonts.c(163): warning C4013: 'strcpy' undefined; assuming extern returning int
c:\cygwin64\home\william\videopoker\sdlfonts.c(195): warning C4244: '=': conversion from 'double' to 'float', possible loss of data
c:\cygwin64\home\william\videopoker\sdlfonts.c(196): warning C4244: '=': conversion from 'double' to 'float', possible loss of data
c:\cygwin64\home\william\videopoker\sdlfonts.c(198): warning C4244: '=': conversion from 'float' to 'int', possible loss of data
c:\cygwin64\home\william\videopoker\sdlfonts.c(199): warning C4244: '=': conversion from 'float' to 'int', possible loss of data
c:\cygwin64\home\william\videopoker\sdlfonts.c(201): warning C4244: '=': conversion from 'float' to 'int', possible loss of data
c:\cygwin64\home\william\videopoker\sdlfonts.c(188): warning C4244: 'initializing': conversion from 'int' to 'float', possible loss of data
c:\cygwin64\home\william\videopoker\sdlfonts.c(189): warning C4244: 'initializing': conversion from 'int' to 'float', possible loss of data
c:\cygwin64\home\william\videopoker\sdlfonts.c(251): warning C4244: '=': conversion from 'double' to 'float', possible loss of data
c:\cygwin64\home\william\videopoker\sdlfonts.c(252): warning C4244: '=': conversion from 'double' to 'float', possible loss of data
c:\cygwin64\home\william\videopoker\sdlfonts.c(254): warning C4244: '=': conversion from 'float' to 'int', possible loss of data
c:\cygwin64\home\william\videopoker\sdlfonts.c(255): warning C4244: '=': conversion from 'float' to 'int', possible loss of data
c:\cygwin64\home\william\videopoker\sdlfonts.c(257): warning C4244: '=': conversion from 'float' to 'int', possible loss of data
c:\cygwin64\home\william\videopoker\sdlfonts.c(258): warning C4244: '=': conversion from 'double' to 'int', possible loss of data
c:\cygwin64\home\william\videopoker\sdlfonts.c(244): warning C4244: 'initializing': conversion from 'int' to 'float', possible loss of data
c:\cygwin64\home\william\videopoker\sdlfonts.c(245): warning C4244: 'initializing': conversion from 'int' to 'float', possible loss of data
  vpoker.c
c:\cygwin64\home\william\videopoker\vpoker.c(46): warning C4244: 'initializing': conversion from 'double' to 'int', possible loss of data
c:\cygwin64\home\william\videopoker\vpoker.c(47): warning C4244: 'initializing': conversion from 'double' to 'int', possible loss of data
c:\cygwin64\home\william\videopoker\vpoker.c(169): warning C4244: 'function': conversion from 'time_t' to 'unsigned int', possible loss of data
c:\cygwin64\home\william\videopoker\vpoker.c(476): warning C4244: '=': conversion from 'double' to 'float', possible loss of data
c:\cygwin64\home\william\videopoker\vpoker.c(477): warning C4244: '=': conversion from 'double' to 'float', possible loss of data
c:\cygwin64\home\william\videopoker\vpoker.c(481): warning C4244: '=': conversion from 'int' to 'float', possible loss of data
c:\cygwin64\home\william\videopoker\vpoker.c(487): warning C4244: '=': conversion from 'float' to 'int', possible loss of data
c:\cygwin64\home\william\videopoker\vpoker.c(488): warning C4244: '=': conversion from 'float' to 'int', possible loss of data
c:\cygwin64\home\william\videopoker\vpoker.c(491): warning C4244: '=': conversion from 'float' to 'int', possible loss of data
c:\cygwin64\home\william\videopoker\vpoker.c(492): warning C4244: '=': conversion from 'float' to 'int', possible loss of data
c:\cygwin64\home\william\videopoker\vpoker.c(493): warning C4244: '=': conversion from 'float' to 'int', possible loss of data
c:\cygwin64\home\william\videopoker\vpoker.c(494): warning C4244: '=': conversion from 'float' to 'int', possible loss of data
c:\cygwin64\home\william\videopoker\vpoker.c(495): warning C4244: '=': conversion from 'float' to 'int', possible loss of data
c:\cygwin64\home\william\videopoker\vpoker.c(502): warning C4244: '=': conversion from 'double' to 'int', possible loss of data
c:\cygwin64\home\william\videopoker\vpoker.c(504): warning C4244: '=': conversion from 'double' to 'int', possible loss of data
c:\cygwin64\home\william\videopoker\vpoker.c(505): warning C4244: '=': conversion from 'double' to 'int', possible loss of data
c:\cygwin64\home\william\videopoker\vpoker.c(513): warning C4101: 'i': unreferenced local variable
  wccommon.c
  Generating Code...
  VideoPoker.vcxproj -> C:\cygwin64\home\William\VideoPoker\Debug\VideoPoker.exe
